<?xml version="1.0" encoding="UTF-8"?>
<!-- Generated by org.testng.reporters.JUnitReportReporter -->
<testsuite hostname="Rahuls-MacBook-Air.local" failures="0" tests="1" name="test.Test1" time="23.485" errors="0" timestamp="2023-11-13T17:49:51 EET" skipped="0">
  <testcase classname="test.Test1" name="test" time="23.485"/>
  <system-out/>
</testsuite> <!-- test.Test1 -->
